<?xml version="1.0" encoding="UTF-8"?>
<!-- Generated by org.testng.reporters.JUnitReportReporter -->
<testsuite hostname="DESKTOP-RASSAD3" failures="0" tests="2" name="qaclickacademy.Mavenjava.SeleniumTest" time="0.003" errors="0" timestamp="2022-06-25T13:44:11 IST" skipped="0">
  <testcase classname="qaclickacademy.Mavenjava.SeleniumTest" name="Locators" time="0.002"/>
  <system-out/>
  <testcase classname="qaclickacademy.Mavenjava.SeleniumTest" name="Xpath" time="0.001"/>
  <system-out/>
</testsuite> <!-- qaclickacademy.Mavenjava.SeleniumTest -->
