<?xml version="1.0" encoding="UTF-8"?>
<!-- Generated by org.testng.reporters.JUnitReportReporter -->
<testsuite hostname="DESKTOP-RASSAD3" failures="0" tests="2" name="qaclickacademy.Mavenjava.AppiumTest" time="0.000" errors="0" timestamp="2022-06-27T07:39:55 IST" skipped="0">
  <testcase classname="qaclickacademy.Mavenjava.AppiumTest" name="Mobile" time="0.000"/>
  <system-out/>
  <testcase classname="qaclickacademy.Mavenjava.AppiumTest" name="Ios" time="0.000"/>
  <system-out/>
</testsuite> <!-- qaclickacademy.Mavenjava.AppiumTest -->
