<?xml version="1.0" encoding="UTF-8"?>
<!-- Generated by org.testng.reporters.JUnitReportReporter -->
<testsuite hostname="DESKTOP-RASSAD3" failures="0" tests="2" name="qaclickacademy.Mavenjava.RestTest" time="0.008" errors="0" timestamp="2022-06-27T07:39:55 IST" skipped="0">
  <testcase classname="qaclickacademy.Mavenjava.RestTest" name="Xpath" time="0.000"/>
  <system-out/>
  <testcase classname="qaclickacademy.Mavenjava.RestTest" name="Assured" time="0.008"/>
  <system-out/>
</testsuite> <!-- qaclickacademy.Mavenjava.RestTest -->
